 
****************************************
Report : area
Design : DLX
Version: F-2011.09-SP3
Date   : Wed Jul 13 19:02:12 2022
****************************************

Library(s) Used:

    NangateOpenCellLibrary (File: /home/mariagrazia.graziano/do/libnangate/NangateOpenCellLibrary_typical_ecsm.db)

Number of ports:                          165
Number of nets:                           224
Number of cells:                           34
Number of combinational cells:              0
Number of sequential cells:                32
Number of macros:                           0
Number of buf/inv:                          0
Number of references:                       3

Combinational area:       9448.320024
Noncombinational area:    8487.262273
Net Interconnect area:      undefined  (Wire load has zero net area)

Total cell area:          17935.582298
Total area:                 undefined
1
