 
****************************************
Report : power
        -net
        -analysis_effort low
        -sort_mode net_switching_power
Design : DLX
Version: F-2011.09-SP3
Date   : Mon Jul 18 15:00:07 2022
****************************************


Library(s) Used:

    NangateOpenCellLibrary (File: /home/mariagrazia.graziano/do/libnangate/NangateOpenCellLibrary_typical_ecsm.db)


Operating Conditions: typical   Library: NangateOpenCellLibrary
Wire Load Model Mode: top

Design        Wire Load Model            Library
------------------------------------------------
DLX                    5K_hvratio_1_4    NangateOpenCellLibrary


Global Operating Voltage = 1.1  
Power-specific unit information :
    Voltage Units = 1V
    Capacitance Units = 1.000000ff
    Time Units = 1ns
    Dynamic Power Units = 1uW    (derived from V,C,T units)
    Leakage Power Units = 1nW



  Attributes
  ----------
      a  -  Switching activity information annotated on net
      d  -  Default switching activity information on net

                             Total      Static   Toggle   Switching
Net                          Net Load   Prob.    Rate     Power      Attrs
--------------------------------------------------------------------------------
IF_LATCH_EN                   25.820    0.199    0.0384      0.6002  
EXE_OUTREG_EN                292.624    0.010    0.0019      0.3350  
DEC_OUTREG_EN                 42.980    0.043    0.0085      0.2222  
MUXB_SEL                      88.422    0.005    0.0012      0.0653  
MUXA_SEL                      88.422    0.004    0.0011      0.0588  
MEM_OUTREG_EN                191.575    0.002    0.0005      0.0566  
IS_I_TYPE                     17.135    0.023    0.0052      0.0544  
ALU_OPCODE[0]                 47.888    0.990    0.0016      0.0477  
ProgCount_Out[2]               8.506    0.034    0.0089      0.0459  
ALU_OPCODE[5]                 35.533    0.003    0.0010      0.0210  
ALU_OPCODE[3]                 20.356    0.992    0.0015      0.0188  
IR_IN[6]                       1.308    0.106    0.0232      0.0184  
IR_IN[22]                      1.308    0.107    0.0227      0.0179  
IR_IN[12]                      1.308    0.109    0.0223      0.0176  
IR_IN[30]                      1.308    0.103    0.0222      0.0176  
IR_IN[13]                      1.308    0.110    0.0222      0.0176  
IR_IN[27]                      1.308    0.107    0.0220      0.0174  
IR_IN[29]                      1.308    0.105    0.0220      0.0174  
IR_IN[8]                       1.308    0.104    0.0220      0.0174  
IR_IN[14]                      1.308    0.102    0.0219      0.0173  
IR_IN[21]                      1.308    0.103    0.0219      0.0173  
IR_IN[0]                       1.308    0.099    0.0218      0.0172  
IR_IN[3]                       1.308    0.106    0.0217      0.0172  
IR_IN[17]                      1.308    0.102    0.0217      0.0171  
IR_IN[19]                      1.308    0.105    0.0216      0.0171  
IR_IN[1]                       1.308    0.094    0.0215      0.0170  
IR_IN[4]                       1.308    0.098    0.0215      0.0170  
IR_IN[15]                      1.308    0.106    0.0215      0.0170  
IR_IN[5]                       1.308    0.093    0.0215      0.0170  
IR_IN[24]                      1.308    0.104    0.0214      0.0169  
IR_IN[26]                      1.308    0.094    0.0214      0.0169  
IR_IN[25]                      1.308    0.098    0.0213      0.0169  
IR_IN[18]                      1.308    0.097    0.0213      0.0168  
IR_IN[28]                      1.308    0.096    0.0212      0.0168  
IR_IN[23]                      1.308    0.103    0.0211      0.0167  
IR_IN[20]                      1.308    0.097    0.0210      0.0166  
IR_IN[11]                      1.308    0.094    0.0208      0.0164  
IR_IN[16]                      1.308    0.093    0.0207      0.0164  
IR_IN[2]                       1.308    0.101    0.0205      0.0162  
IR_IN[9]                       1.308    0.096    0.0205      0.0162  
IR_IN[10]                      1.308    0.097    0.0203      0.0161  
IR_IN[7]                       1.308    0.093    0.0203      0.0161  
IR_IN[31]                      1.308    0.093    0.0201      0.0159  
ALU_OPCODE[1]                 15.697    0.992    0.0014      0.0133  
ALU_OPCODE[2]                 12.608    0.006    0.0012      0.0093  
ProgCount_Out[3]               5.958    0.009    0.0019      0.0068  
RD1_EN                         2.063    0.025    0.0054      0.0068  
ALU_OPCODE[6]                  4.402    0.990    0.0016      0.0044  
ALU_OPCODE[4]                  8.844    0.003    0.0007      0.0039  
ZERO_PADDING2                  2.063    0.008    0.0021      0.0027  
ProgCount_Out[4]               5.958    0.001    0.0002      0.0009  
DataMem_Addr[13]               3.171    0.001    0.0004      0.0007  
ProgCount_Out[13]              5.958    0.001    0.0002      0.0007  
ProgCount_Out[16]              5.958    0.001    0.0002      0.0007  
ProgCount_Out[19]              5.958    0.001    0.0002      0.0007  
ProgCount_Out[23]              5.958    0.001    0.0002      0.0007  
JUMP_EN                        2.089    0.002    0.0005      0.0006  
DataMem_Addr[5]                3.171    0.001    0.0003      0.0006  
DataMem_Addr[11]               3.171    0.001    0.0003      0.0006  
DataMem_Addr[14]               3.171    0.001    0.0003      0.0006  
EQ_COND                        2.936    0.002    0.0003      0.0005  
ProgCount_Out[0]               4.699    0.001    0.0002      0.0005  
DataMem_Addr[0]                3.171    0.001    0.0002      0.0005  
DataMem_Addr[3]                3.171    0.001    0.0002      0.0005  
DataMem_Addr[4]                3.171    0.001    0.0002      0.0005  
DataMem_Addr[12]               3.171    0.001    0.0002      0.0005  
DataMem_Addr[16]               3.171    0.001    0.0002      0.0005  
DataMem_Addr[19]               3.171    0.001    0.0002      0.0005  
DataMem_Addr[23]               3.171    0.001    0.0002      0.0005  
ProgCount_Out[5]               5.958    0.001    0.0001      0.0004  
ProgCount_Out[6]               5.958    0.000    0.0001      0.0004  
ProgCount_Out[11]              5.958    0.001    0.0001      0.0004  
ProgCount_Out[12]              5.958    0.000    0.0001      0.0004  
ProgCount_Out[14]              5.958    0.000    0.0001      0.0004  
RD2_EN                         2.063    0.001    0.0003      0.0004  
DataMem_Addr[2]                3.171    0.000    0.0002      0.0004  
DataMem_Addr[6]                3.171    0.000    0.0002      0.0004  
DataMem_Addr[7]                3.171    0.000    0.0002      0.0004  
DataMem_Addr[8]                3.171    0.000    0.0002      0.0004  
DataMem_Addr[9]                3.171    0.001    0.0002      0.0004  
DataMem_Addr[10]               3.171    0.000    0.0002      0.0004  
ProgCount_Out[30]              6.639    0.000    0.61e-4     0.0002  
DataMem_Addr[15]               3.171    0.001    0.0001      0.0002  
DataMem_Addr[18]               3.171    0.001    0.0001      0.0002  
DataMem_Addr[20]               3.171    0.000    0.0001      0.0002  
DataMem_Addr[21]               3.171    0.001    0.0001      0.0002  
DataMem_Addr[22]               3.171    0.001    0.0001      0.0002  
DataMem_Addr[24]               3.171    0.001    0.0001      0.0002  
DataMem_Addr[25]               3.171    0.000    0.0001      0.0002  
DataMem_Addr[26]               3.171    0.000    0.0001      0.0002  
DataMem_Addr[27]               3.171    0.000    0.0001      0.0002  
DataMem_Addr[28]               3.171    0.000    0.0001      0.0002  
DataMem_Addr[29]               3.171    0.000    0.0001      0.0002  
DataMem_Addr[30]               3.171    0.000    0.0001      0.0002  
DataMem_Addr[31]               3.171    0.000    0.0001      0.0002  
ProgCount_Out[7]               5.958    0.000    0.61e-4     0.0002  
ProgCount_Out[9]               5.958    0.001    0.61e-4     0.0002  
ProgCount_Out[15]              5.958    0.001    0.61e-4     0.0002  
ProgCount_Out[18]              5.958    0.001    0.61e-4     0.0002  
ProgCount_Out[20]              5.958    0.000    0.61e-4     0.0002  
ProgCount_Out[21]              5.958    0.001    0.61e-4     0.0002  
ProgCount_Out[22]              5.958    0.001    0.61e-4     0.0002  
ProgCount_Out[24]              5.958    0.001    0.61e-4     0.0002  
ProgCount_Out[25]              5.958    0.000    0.61e-4     0.0002  
ProgCount_Out[26]              5.958    0.000    0.61e-4     0.0002  
ProgCount_Out[27]              5.958    0.000    0.61e-4     0.0002  
ProgCount_Out[28]              5.958    0.000    0.61e-4     0.0002  
ProgCount_Out[29]              5.958    0.000    0.61e-4     0.0002  
ProgCount_Out[1]               4.699    0.001    0.61e-4     0.0002  
ProgCount_Out[31]              4.459    0.000    0.61e-4     0.0002  
BYTE_LEN_INT[0]                1.911    0.000    0.0001      0.0001  
DataMem_Addr[1]                3.171    0.001    0.61e-4     0.0001  
DataMem_Addr[17]               3.171    0.000    0.61e-4     0.0001  
WR_EN                          2.063    0.000    0.61e-4  7.618e-05  
BYTE_LEN_INT[1]                0.363    0.000    0.0000      0.0000  
DRAM_WE_INT                    0.363    0.000    0.0000      0.0000  
DataMem_Write[0]               1.729    0.000    0.0000      0.0000  
DataMem_Write[1]               1.729    0.000    0.0000      0.0000  
DataMem_Write[2]               1.729    0.000    0.0000      0.0000  
DataMem_Write[3]               1.729    0.000    0.0000      0.0000  
DataMem_Write[4]               1.729    0.000    0.0000      0.0000  
DataMem_Write[5]               1.729    0.000    0.0000      0.0000  
DataMem_Write[6]               1.729    0.000    0.0000      0.0000  
DataMem_Write[7]               1.729    0.000    0.0000      0.0000  
DataMem_Write[8]               1.729    0.000    0.0000      0.0000  
DataMem_Write[9]               1.729    0.000    0.0000      0.0000  
DataMem_Write[10]              1.729    0.000    0.0000      0.0000  
DataMem_Write[11]              1.729    0.000    0.0000      0.0000  
DataMem_Write[12]              1.729    0.000    0.0000      0.0000  
DataMem_Write[13]              1.729    0.000    0.0000      0.0000  
DataMem_Write[14]              1.729    0.000    0.0000      0.0000  
DataMem_Write[15]              1.729    0.000    0.0000      0.0000  
DataMem_Write[16]              1.729    0.000    0.0000      0.0000  
DataMem_Write[17]              1.729    0.000    0.0000      0.0000  
DataMem_Write[18]              1.729    0.000    0.0000      0.0000  
DataMem_Write[19]              1.729    0.000    0.0000      0.0000  
DataMem_Write[20]              1.729    0.000    0.0000      0.0000  
DataMem_Write[21]              1.729    0.000    0.0000      0.0000  
DataMem_Write[22]              1.729    0.000    0.0000      0.0000  
DataMem_Write[23]              1.729    0.000    0.0000      0.0000  
DataMem_Write[24]              1.729    0.000    0.0000      0.0000  
DataMem_Write[25]              1.729    0.000    0.0000      0.0000  
DataMem_Write[26]              1.729    0.000    0.0000      0.0000  
DataMem_Write[27]              1.729    0.000    0.0000      0.0000  
DataMem_Write[28]              1.729    0.000    0.0000      0.0000  
DataMem_Write[29]              1.729    0.000    0.0000      0.0000  
DataMem_Write[30]              1.729    0.000    0.0000      0.0000  
DataMem_Write[31]              1.729    0.000    0.0000      0.0000  
JAL_REG31                      7.207    0.000    0.0000      0.0000  
ProgCount_Out[8]               5.958    0.000    0.0000      0.0000  
ProgCount_Out[10]              5.958    0.000    0.0000      0.0000  
ProgCount_Out[17]              5.958    0.000    0.0000      0.0000  
WB_CTRL_SIGN                  21.139    0.000    0.0000      0.0000  
WB_MUX_SEL[0]                 16.436    0.000    0.0000      0.0000  
WB_MUX_SEL[1]                 16.347    0.000    0.0000      0.0000  
ZERO_PADDING5                  2.063    0.000    0.0000      0.0000  
--------------------------------------------------------------------------------
Total (156 nets)                                             2.1392 uW
1
