 
****************************************
Report : power
        -net
        -analysis_effort low
        -sort_mode net_switching_power
Design : DLX
Version: F-2011.09-SP3
Date   : Wed Jul 13 02:07:30 2022
****************************************


Library(s) Used:

    NangateOpenCellLibrary (File: /home/mariagrazia.graziano/do/libnangate/NangateOpenCellLibrary_typical_ecsm.db)


Operating Conditions: typical   Library: NangateOpenCellLibrary
Wire Load Model Mode: top

Design        Wire Load Model            Library
------------------------------------------------
DLX                    5K_hvratio_1_1    NangateOpenCellLibrary


Global Operating Voltage = 1.1  
Power-specific unit information :
    Voltage Units = 1V
    Capacitance Units = 1.000000ff
    Time Units = 1ns
    Dynamic Power Units = 1uW    (derived from V,C,T units)
    Leakage Power Units = 1nW



  Attributes
  ----------
      a  -  Switching activity information annotated on net
      d  -  Default switching activity information on net

                             Total      Static   Toggle   Switching
Net                          Net Load   Prob.    Rate     Power      Attrs
--------------------------------------------------------------------------------
IF_LATCH_EN                  174.683    0.195    0.0380      4.0186  
EXE_OUTREG_EN                292.574    0.018    0.0027      0.4754  
DEC_OUTREG_EN                 40.123    0.053    0.0099      0.2400  
MEM_OUTREG_EN                191.524    0.005    0.0008      0.0919  
MUXA_SEL                      85.565    0.008    0.0015      0.0758  
MUXB_SEL                      85.565    0.008    0.0015      0.0758  
IS_I_TYPE                     16.193    0.027    0.0060      0.0592  
ALU_OPCODE[0]                 45.031    0.988    0.0019      0.0515  
PC_LATCH_EN                   84.861    0.005    0.0008      0.0407  
ALU_OPCODE[5]                 32.676    0.009    0.0016      0.0326  
ALU_OPCODE[3]                 18.906    0.989    0.0017      0.0195  
IR_IN[3]                       1.255    0.104    0.0234      0.0178  
IR_IN[29]                      1.255    0.108    0.0233      0.0176  
IR_IN[10]                      1.255    0.100    0.0229      0.0174  
IR_IN[19]                      1.255    0.101    0.0228      0.0173  
IR_IN[0]                       1.255    0.105    0.0226      0.0172  
IR_IN[26]                      1.255    0.094    0.0226      0.0171  
IR_IN[22]                      1.255    0.104    0.0221      0.0168  
IR_IN[8]                       1.255    0.101    0.0220      0.0167  
IR_IN[15]                      1.255    0.096    0.0220      0.0167  
IR_IN[13]                      1.255    0.101    0.0219      0.0166  
IR_IN[4]                       1.255    0.103    0.0219      0.0166  
IR_IN[12]                      1.255    0.103    0.0218      0.0165  
IR_IN[18]                      1.255    0.094    0.0218      0.0165  
IR_IN[27]                      1.255    0.099    0.0218      0.0165  
IR_IN[5]                       1.255    0.104    0.0217      0.0165  
IR_IN[21]                      1.255    0.097    0.0216      0.0164  
IR_IN[6]                       1.255    0.096    0.0216      0.0164  
IR_IN[23]                      1.255    0.092    0.0215      0.0164  
IR_IN[7]                       1.255    0.101    0.0215      0.0163  
IR_IN[20]                      1.255    0.091    0.0213      0.0162  
IR_IN[2]                       1.255    0.091    0.0211      0.0160  
IR_IN[24]                      1.255    0.096    0.0211      0.0160  
IR_IN[25]                      1.255    0.093    0.0211      0.0160  
IR_IN[1]                       1.255    0.092    0.0209      0.0158  
IR_IN[9]                       1.255    0.091    0.0209      0.0158  
IR_IN[11]                      1.255    0.094    0.0208      0.0158  
IR_IN[31]                      1.255    0.096    0.0208      0.0158  
IR_IN[30]                      1.255    0.100    0.0207      0.0157  
IR_IN[16]                      1.255    0.089    0.0205      0.0156  
IR_IN[28]                      1.255    0.089    0.0200      0.0152  
IR_IN[14]                      1.255    0.095    0.0200      0.0152  
IR_IN[17]                      1.255    0.091    0.0198      0.0150  
ALU_OPCODE[1]                 14.755    0.990    0.0016      0.0142  
WB_LATCH_EN                   98.895    0.001    0.0002      0.0110  
ALU_OPCODE[2]                 12.046    0.005    0.0012      0.0085  
RD1_EN                         2.010    0.027    0.0060      0.0073  
ALU_OPCODE[6]                  4.319    0.986    0.0022      0.0057  
ALU_OPCODE[4]                  8.618    0.004    0.0009      0.0048  
MEM_OUT_SEL                   84.861    0.000    0.61e-4     0.0031  
ZERO_PADDING2                  2.010    0.007    0.0020      0.0024  
RD2_EN                         2.010    0.004    0.0014      0.0017  
ProgCount_Out[2]               8.146    0.002    0.0003      0.0015  
BYTE_LEN_INT[0]               19.598    0.000    0.61e-4     0.0007  
DataMem_Addr[0]                3.038    0.001    0.0003      0.0006  
DataMem_Addr[1]                3.038    0.001    0.0002      0.0003  
DataMem_Addr[2]                3.038    0.001    0.0002      0.0003  
DataMem_Addr[4]                3.038    0.001    0.0002      0.0003  
DataMem_Addr[5]                3.038    0.001    0.0002      0.0003  
DataMem_Addr[7]                3.038    0.001    0.0002      0.0003  
DataMem_Addr[10]               3.038    0.001    0.0002      0.0003  
DataMem_Addr[11]               3.038    0.000    0.0002      0.0003  
DataMem_Addr[15]               3.038    0.001    0.0002      0.0003  
DataMem_Addr[6]                3.038    0.001    0.0001      0.0002  
DataMem_Addr[9]                3.038    0.000    0.0001      0.0002  
DataMem_Addr[12]               3.038    0.001    0.0001      0.0002  
DataMem_Addr[14]               3.038    0.001    0.0001      0.0002  
DataMem_Addr[16]               3.038    0.001    0.0001      0.0002  
DataMem_Addr[17]               3.038    0.001    0.0001      0.0002  
DataMem_Addr[18]               3.038    0.001    0.0001      0.0002  
DataMem_Addr[19]               3.038    0.001    0.0001      0.0002  
DataMem_Addr[20]               3.038    0.001    0.0001      0.0002  
DataMem_Addr[21]               3.038    0.001    0.0001      0.0002  
DataMem_Addr[22]               3.038    0.001    0.0001      0.0002  
DataMem_Addr[23]               3.038    0.001    0.0001      0.0002  
DataMem_Addr[24]               3.038    0.001    0.0001      0.0002  
DataMem_Addr[25]               3.038    0.001    0.0001      0.0002  
DataMem_Addr[26]               3.038    0.001    0.0001      0.0002  
DataMem_Addr[27]               3.038    0.001    0.0001      0.0002  
DataMem_Addr[28]               3.038    0.001    0.0001      0.0002  
DataMem_Addr[29]               3.038    0.001    0.0001      0.0002  
DataMem_Addr[30]               3.038    0.001    0.0001      0.0002  
DataMem_Addr[31]               3.038    0.001    0.0001      0.0002  
WR_EN                          2.010    0.001    0.0002      0.0002  
EQ_COND                        2.883    0.000    0.0001      0.0002  
ProgCount_Out[3]               5.732    0.000    0.61e-4     0.0002  
DataMem_Addr[3]                3.038    0.000    0.61e-4     0.0001  
DataMem_Addr[8]                3.038    0.000    0.61e-4     0.0001  
DataMem_Addr[13]               3.038    0.000    0.61e-4     0.0001  
JUMP_EN                        1.284    0.000    0.0001   9.485e-05  
BYTE_LEN_INT[1]                0.310    0.000    0.61e-4  1.144e-05  
DRAM_WE_INT                    0.310    0.000    0.61e-4  1.144e-05  
DataMem_Write[0]               1.645    0.000    0.0000      0.0000  
DataMem_Write[1]               1.645    0.000    0.0000      0.0000  
DataMem_Write[2]               1.645    0.000    0.0000      0.0000  
DataMem_Write[3]               1.645    0.000    0.0000      0.0000  
DataMem_Write[4]               1.645    0.000    0.0000      0.0000  
DataMem_Write[5]               1.645    0.000    0.0000      0.0000  
DataMem_Write[6]               1.645    0.000    0.0000      0.0000  
DataMem_Write[7]               1.645    0.000    0.0000      0.0000  
DataMem_Write[8]               1.645    0.000    0.0000      0.0000  
DataMem_Write[9]               1.645    0.000    0.0000      0.0000  
DataMem_Write[10]              1.645    0.000    0.0000      0.0000  
DataMem_Write[11]              1.645    0.000    0.0000      0.0000  
DataMem_Write[12]              1.645    0.000    0.0000      0.0000  
DataMem_Write[13]              1.645    0.000    0.0000      0.0000  
DataMem_Write[14]              1.645    0.000    0.0000      0.0000  
DataMem_Write[15]              1.645    0.000    0.0000      0.0000  
DataMem_Write[16]              1.645    0.000    0.0000      0.0000  
DataMem_Write[17]              1.645    0.000    0.0000      0.0000  
DataMem_Write[18]              1.645    0.000    0.0000      0.0000  
DataMem_Write[19]              1.645    0.000    0.0000      0.0000  
DataMem_Write[20]              1.645    0.000    0.0000      0.0000  
DataMem_Write[21]              1.645    0.000    0.0000      0.0000  
DataMem_Write[22]              1.645    0.000    0.0000      0.0000  
DataMem_Write[23]              1.645    0.000    0.0000      0.0000  
DataMem_Write[24]              1.645    0.000    0.0000      0.0000  
DataMem_Write[25]              1.645    0.000    0.0000      0.0000  
DataMem_Write[26]              1.645    0.000    0.0000      0.0000  
DataMem_Write[27]              1.645    0.000    0.0000      0.0000  
DataMem_Write[28]              1.645    0.000    0.0000      0.0000  
DataMem_Write[29]              1.645    0.000    0.0000      0.0000  
DataMem_Write[30]              1.645    0.000    0.0000      0.0000  
DataMem_Write[31]              1.645    0.000    0.0000      0.0000  
JAL_MUX_SEL                   23.823    0.000    0.0000      0.0000  
ProgCount_Out[0]               3.038    0.000    0.0000      0.0000  
ProgCount_Out[1]               3.038    0.000    0.0000      0.0000  
ProgCount_Out[4]               5.732    0.000    0.0000      0.0000  
ProgCount_Out[5]               5.732    0.000    0.0000      0.0000  
ProgCount_Out[6]               5.732    0.000    0.0000      0.0000  
ProgCount_Out[7]               5.732    0.000    0.0000      0.0000  
ProgCount_Out[8]               5.732    0.000    0.0000      0.0000  
ProgCount_Out[9]               5.732    0.000    0.0000      0.0000  
ProgCount_Out[10]              5.732    0.000    0.0000      0.0000  
ProgCount_Out[11]              5.732    0.000    0.0000      0.0000  
ProgCount_Out[12]              5.732    0.000    0.0000      0.0000  
ProgCount_Out[13]              5.732    0.000    0.0000      0.0000  
ProgCount_Out[14]              5.732    0.000    0.0000      0.0000  
ProgCount_Out[15]              5.732    0.000    0.0000      0.0000  
ProgCount_Out[16]              5.732    0.000    0.0000      0.0000  
ProgCount_Out[17]              5.732    0.000    0.0000      0.0000  
ProgCount_Out[18]              5.732    0.000    0.0000      0.0000  
ProgCount_Out[19]              5.732    0.000    0.0000      0.0000  
ProgCount_Out[20]              5.732    0.000    0.0000      0.0000  
ProgCount_Out[21]              5.732    0.000    0.0000      0.0000  
ProgCount_Out[22]              5.732    0.000    0.0000      0.0000  
ProgCount_Out[23]              5.732    0.000    0.0000      0.0000  
ProgCount_Out[24]              5.732    0.000    0.0000      0.0000  
ProgCount_Out[25]              5.732    0.000    0.0000      0.0000  
ProgCount_Out[26]              5.732    0.000    0.0000      0.0000  
ProgCount_Out[27]              5.732    0.000    0.0000      0.0000  
ProgCount_Out[28]              5.732    0.000    0.0000      0.0000  
ProgCount_Out[29]              5.732    0.000    0.0000      0.0000  
ProgCount_Out[30]              6.413    0.000    0.0000      0.0000  
ProgCount_Out[31]              4.326    0.000    0.0000      0.0000  
WB_MUX_SEL                    16.303    0.000    0.0000      0.0000  
ZERO_PADDING4                  2.010    0.000    0.0000      0.0000  
--------------------------------------------------------------------------------
Total (157 nets)                                             5.7742 uW
1
