Information: Propagating switching activity (low effort zero delay simulation). (PWR-6)
Warning: Design has unannotated primary inputs. (PWR-414)
Warning: Design has unannotated sequential cell outputs. (PWR-415)
 
****************************************
Report : power
        -analysis_effort low
Design : DLX
Version: F-2011.09-SP3
Date   : Wed Jul 13 02:12:11 2022
****************************************


Library(s) Used:

    NangateOpenCellLibrary (File: /home/mariagrazia.graziano/do/libnangate/NangateOpenCellLibrary_typical_ecsm.db)


Operating Conditions: typical   Library: NangateOpenCellLibrary
Wire Load Model Mode: top

Design        Wire Load Model            Library
------------------------------------------------
DLX                    5K_hvratio_1_1    NangateOpenCellLibrary


Global Operating Voltage = 1.1  
Power-specific unit information :
    Voltage Units = 1V
    Capacitance Units = 1.000000ff
    Time Units = 1ns
    Dynamic Power Units = 1uW    (derived from V,C,T units)
    Leakage Power Units = 1nW


  Cell Internal Power  =   3.8804 mW   (94%)
  Net Switching Power  = 231.8531 uW    (6%)
                         ---------
Total Dynamic Power    =   4.1123 mW  (100%)

Cell Leakage Power     = 348.7420 uW


                 Internal         Switching           Leakage            Total
Power Group      Power            Power               Power              Power   (   %    )  Attrs
--------------------------------------------------------------------------------------------------
io_pad             0.0000            0.0000            0.0000            0.0000  (   0.00%)
memory             0.0000            0.0000            0.0000            0.0000  (   0.00%)
black_box          0.0000            0.0000            0.0000            0.0000  (   0.00%)
clock_network      0.0000            0.0000            0.0000            0.0000  (   0.00%)
register       3.7665e+03           28.2666        1.2637e+05        3.9211e+03  (  87.90%)
sequential         0.0000            0.0000            0.0000            0.0000  (   0.00%)
combinational    113.9156          203.5869        2.2237e+05          539.8726  (  12.10%)
--------------------------------------------------------------------------------------------------
Total          3.8804e+03 uW       231.8535 uW     3.4874e+05 nW     4.4610e+03 uW
1
