 
****************************************
Report : power
        -cell
        -analysis_effort low
        -sort_mode cell_internal_power
Design : DLX
Version: F-2011.09-SP3
Date   : Wed Jul 13 02:12:12 2022
****************************************


Library(s) Used:

    NangateOpenCellLibrary (File: /home/mariagrazia.graziano/do/libnangate/NangateOpenCellLibrary_typical_ecsm.db)


Operating Conditions: typical   Library: NangateOpenCellLibrary
Wire Load Model Mode: top

Design        Wire Load Model            Library
------------------------------------------------
DLX                    5K_hvratio_1_1    NangateOpenCellLibrary


Global Operating Voltage = 1.1  
Power-specific unit information :
    Voltage Units = 1V
    Capacitance Units = 1.000000ff
    Time Units = 1ns
    Dynamic Power Units = 1uW    (derived from V,C,T units)
    Leakage Power Units = 1nW



  Attributes
  ----------
      h  -  Hierarchical cell

                        Cell      Driven Net  Tot Dynamic      Cell
                        Internal  Switching   Power            Leakage
Cell                    Power     Power       (% Cell/Tot)     Power      Attrs
--------------------------------------------------------------------------------
DATAPATH                3.530e+03       N/A        N/A (N/A)   331399.9688
                                                                          h
CONTROL                  271.5007       N/A        N/A (N/A)   14600.1143 h
IR_IN_reg[8]               2.5257    0.0352      2.561 (99%)     85.6589   
IR_IN_reg[6]               2.5194    0.0347      2.554 (99%)     85.6602   
IR_IN_reg[3]               2.5146    0.0346      2.549 (99%)     85.6617   
IR_IN_reg[31]              2.5081    0.0355      2.544 (99%)     85.6670   
IR_IN_reg[15]              2.5040    0.0347      2.539 (99%)     85.6659   
IR_IN_reg[27]              2.5036    0.0358      2.539 (99%)     85.6704   
IR_IN_reg[29]              2.5018    0.0354      2.537 (99%)     85.6693   
IR_IN_reg[22]              2.5001    0.0341      2.534 (99%)     85.6657   
IR_IN_reg[19]              2.4955    0.0353      2.531 (99%)     85.6718   
IR_IN_reg[12]              2.4947    0.0343      2.529 (99%)     85.6687   
IR_IN_reg[9]               2.4931    0.0352      2.528 (99%)     85.6722   
IR_IN_reg[5]               2.4856    0.0352      2.521 (99%)     85.6754   
IR_IN_reg[14]              2.4848    0.0349      2.520 (99%)     85.6748   
IR_IN_reg[1]               2.4845    0.0361      2.521 (99%)     85.6794   
IR_IN_reg[7]               2.4833    0.0359      2.519 (99%)     85.6787   
IR_IN_reg[0]               2.4815    0.0350      2.517 (99%)     85.6768   
IR_IN_reg[13]              2.4793    0.0354      2.515 (99%)     85.6788   
IR_IN_reg[10]              2.4761    0.0355      2.512 (99%)     85.6806   
IR_IN_reg[24]              2.4744    0.0355      2.510 (99%)     85.6809   
IR_IN_reg[21]              2.4716    0.0355      2.507 (99%)     85.6823   
IR_IN_reg[23]              2.4701    0.0365      2.507 (99%)     85.6821   
IR_IN_reg[30]              2.4698    0.0354      2.505 (99%)     85.6830   
IR_IN_reg[28]              2.4685    0.0357      2.504 (99%)     85.6848   
IR_IN_reg[16]              2.4671    0.0343      2.501 (99%)     85.6799   
IR_IN_reg[25]              2.4668    0.0352      2.502 (99%)     85.6833   
IR_IN_reg[4]               2.4653    0.0344      2.500 (99%)     85.6815   
IR_IN_reg[2]               2.4570    0.0360      2.493 (99%)     85.6907   
IR_IN_reg[11]              2.4541    0.0347      2.489 (99%)     85.6868   
IR_IN_reg[20]              2.4523    0.0350      2.487 (99%)     85.6885   
IR_IN_reg[26]              2.4490    0.0363      2.485 (99%)     85.6945   
IR_IN_reg[18]              2.4362    0.0347      2.471 (99%)     85.6942   
IR_IN_reg[17]              2.4181    0.0352      2.453 (99%)     85.7039   
--------------------------------------------------------------------------------
Totals (34 cells)          3.880mW     N/A         N/A (N/A)    348.742uW
1
